<?xml version="1.0" encoding="UTF-8"?>
<testng-results ignored="0" total="1" passed="1" failed="0" skipped="0">
  <reporter-output>
  </reporter-output>
  <suite started-at="2025-04-16T12:26:37 IST" name="Default suite" finished-at="2025-04-16T12:26:55 IST" duration-ms="17146">
    <groups>
    </groups>
    <test started-at="2025-04-16T12:26:37 IST" name="Default test" finished-at="2025-04-16T12:26:55 IST" duration-ms="17146">
      <class name="mPackage.AppTest">
        <test-method is-config="true" signature="setup()[pri:0, instance:mPackage.AppTest@49438269]" started-at="2025-04-16T12:26:37 IST" name="setup" finished-at="2025-04-16T12:26:42 IST" duration-ms="4609" status="PASS">
          <reporter-output>
          </reporter-output>
        </test-method> <!-- setup -->
        <test-method signature="SampleAutomation()[pri:0, instance:mPackage.AppTest@49438269]" started-at="2025-04-16T12:26:42 IST" name="SampleAutomation" finished-at="2025-04-16T12:26:54 IST" duration-ms="11547" status="PASS">
          <reporter-output>
          </reporter-output>
        </test-method> <!-- SampleAutomation -->
        <test-method is-config="true" signature="tearDown()[pri:0, instance:mPackage.AppTest@49438269]" started-at="2025-04-16T12:26:54 IST" name="tearDown" finished-at="2025-04-16T12:26:55 IST" duration-ms="825" status="PASS">
          <reporter-output>
          </reporter-output>
        </test-method> <!-- tearDown -->
      </class> <!-- mPackage.AppTest -->
    </test> <!-- Default test -->
  </suite> <!-- Default suite -->
</testng-results>
